17:15:32,730 INFO  [org.jboss.modules] JBoss Modules version 1.1.1.GA
17:15:32,955 INFO  [org.jboss.msc] JBoss MSC version 1.0.2.GA
17:15:33,008 INFO  [org.jboss.as] JBAS015899: JBoss AS 7.1.1.Final "Brontes" starting
17:15:33,014 DEBUG [org.jboss.as.config] Configured system properties:
	awt.toolkit = sun.awt.X11.XToolkit
	file.encoding = UTF-8
	file.encoding.pkg = sun.io
	file.separator = /
	java.awt.graphicsenv = sun.awt.X11GraphicsEnvironment
	java.awt.printerjob = sun.print.PSPrinterJob
	java.class.path = /home/agalad/NetBeansProjects/TestAppResteasy/target/jboss-as-run/jboss-as-7.1.1.Final/jboss-modules.jar
	java.class.version = 51.0
	java.endorsed.dirs = /usr/lib/jvm/java-7-oracle/jre/lib/endorsed
	java.ext.dirs = /usr/lib/jvm/java-7-oracle/jre/lib/ext:/usr/java/packages/lib/ext
	java.home = /usr/lib/jvm/java-7-oracle/jre
	java.io.tmpdir = /tmp
	java.library.path = /usr/java/packages/lib/amd64:/usr/lib64:/lib64:/lib:/usr/lib
	java.net.preferIPv4Stack = true
	java.runtime.name = Java(TM) SE Runtime Environment
	java.runtime.version = 1.7.0_21-b11
	java.specification.name = Java Platform API Specification
	java.specification.vendor = Oracle Corporation
	java.specification.version = 1.7
	java.util.logging.manager = org.jboss.logmanager.LogManager
	java.vendor = Oracle Corporation
	java.vendor.url = http://java.oracle.com/
	java.vendor.url.bug = http://bugreport.sun.com/bugreport/
	java.version = 1.7.0_21
	java.vm.info = mixed mode
	java.vm.name = Java HotSpot(TM) 64-Bit Server VM
	java.vm.specification.name = Java Virtual Machine Specification
	java.vm.specification.vendor = Oracle Corporation
	java.vm.specification.version = 1.7
	java.vm.vendor = Oracle Corporation
	java.vm.version = 23.21-b01
	javax.management.builder.initial = org.jboss.as.jmx.PluggableMBeanServerBuilder
	javax.xml.datatype.DatatypeFactory = __redirected.__DatatypeFactory
	javax.xml.parsers.DocumentBuilderFactory = __redirected.__DocumentBuilderFactory
	javax.xml.parsers.SAXParserFactory = __redirected.__SAXParserFactory
	javax.xml.stream.XMLEventFactory = __redirected.__XMLEventFactory
	javax.xml.stream.XMLInputFactory = __redirected.__XMLInputFactory
	javax.xml.stream.XMLOutputFactory = __redirected.__XMLOutputFactory
	javax.xml.transform.TransformerFactory = __redirected.__TransformerFactory
	javax.xml.validation.SchemaFactory:http://www.w3.org/2001/XMLSchema = __redirected.__SchemaFactory
	javax.xml.xpath.XPathFactory:http://java.sun.com/jaxp/xpath/dom = __redirected.__XPathFactory
	jboss.bundles.dir = /home/agalad/NetBeansProjects/TestAppResteasy/target/jboss-as-run/jboss-as-7.1.1.Final/bundles
	jboss.home.dir = /home/agalad/NetBeansProjects/TestAppResteasy/target/jboss-as-run/jboss-as-7.1.1.Final
	jboss.host.name = nero
	jboss.modules.dir = /home/agalad/NetBeansProjects/TestAppResteasy/target/jboss-as-run/jboss-as-7.1.1.Final/modules
	jboss.node.name = nero
	jboss.qualified.host.name = nero
	jboss.server.base.dir = /home/agalad/NetBeansProjects/TestAppResteasy/target/jboss-as-run/jboss-as-7.1.1.Final/standalone
	jboss.server.config.dir = /home/agalad/NetBeansProjects/TestAppResteasy/target/jboss-as-run/jboss-as-7.1.1.Final/standalone/configuration
	jboss.server.data.dir = /home/agalad/NetBeansProjects/TestAppResteasy/target/jboss-as-run/jboss-as-7.1.1.Final/standalone/data
	jboss.server.deploy.dir = /home/agalad/NetBeansProjects/TestAppResteasy/target/jboss-as-run/jboss-as-7.1.1.Final/standalone/data/content
	jboss.server.log.dir = /home/agalad/NetBeansProjects/TestAppResteasy/target/jboss-as-run/jboss-as-7.1.1.Final/standalone/log
	jboss.server.name = nero
	jboss.server.temp.dir = /home/agalad/NetBeansProjects/TestAppResteasy/target/jboss-as-run/jboss-as-7.1.1.Final/standalone/tmp
	line.separator = 

	logging.configuration = file:/home/agalad/NetBeansProjects/TestAppResteasy/target/jboss-as-run/jboss-as-7.1.1.Final/standalone/configuration/logging.properties
	module.path = /home/agalad/NetBeansProjects/TestAppResteasy/target/jboss-as-run/jboss-as-7.1.1.Final/modules
	org.jboss.boot.log.file = /home/agalad/NetBeansProjects/TestAppResteasy/target/jboss-as-run/jboss-as-7.1.1.Final/standalone/log/boot.log
	org.jboss.resolver.warning = true
	org.xml.sax.driver = __redirected.__XMLReaderFactory
	os.arch = amd64
	os.name = Linux
	os.version = 3.2.0-40-generic
	path.separator = :
	sun.arch.data.model = 64
	sun.boot.class.path = /usr/lib/jvm/java-7-oracle/jre/lib/resources.jar:/usr/lib/jvm/java-7-oracle/jre/lib/rt.jar:/usr/lib/jvm/java-7-oracle/jre/lib/sunrsasign.jar:/usr/lib/jvm/java-7-oracle/jre/lib/jsse.jar:/usr/lib/jvm/java-7-oracle/jre/lib/jce.jar:/usr/lib/jvm/java-7-oracle/jre/lib/charsets.jar:/usr/lib/jvm/java-7-oracle/jre/lib/jfr.jar:/usr/lib/jvm/java-7-oracle/jre/classes
	sun.boot.library.path = /usr/lib/jvm/java-7-oracle/jre/lib/amd64
	sun.cpu.endian = little
	sun.cpu.isalist = 
	sun.desktop = gnome
	sun.io.unicode.encoding = UnicodeLittle
	sun.java.command = /home/agalad/NetBeansProjects/TestAppResteasy/target/jboss-as-run/jboss-as-7.1.1.Final/jboss-modules.jar -mp /home/agalad/NetBeansProjects/TestAppResteasy/target/jboss-as-run/jboss-as-7.1.1.Final/modules -jaxpmodule javax.xml.jaxp-provider org.jboss.as.standalone
	sun.java.launcher = SUN_STANDARD
	sun.jnu.encoding = UTF-8
	sun.management.compiler = HotSpot 64-Bit Tiered Compilers
	sun.os.patch.level = unknown
	sun.rmi.dgc.client.gcInterval = 3600000
	sun.rmi.dgc.server.gcInterval = 3600000
	user.country = US
	user.dir = /home/agalad/NetBeansProjects/TestAppResteasy
	user.home = /home/agalad
	user.language = en
	user.name = agalad
	user.timezone = Europe/Prague
17:15:33,137 DEBUG [org.jboss.as.config] VM Arguments: -Xms64m -Xmx512m -XX:MaxPermSize=256m -Djava.net.preferIPv4Stack=true -Dorg.jboss.resolver.warning=true -Dsun.rmi.dgc.client.gcInterval=3600000 -Dsun.rmi.dgc.server.gcInterval=3600000 -Djboss.home.dir=/home/agalad/NetBeansProjects/TestAppResteasy/target/jboss-as-run/jboss-as-7.1.1.Final -Dorg.jboss.boot.log.file=/home/agalad/NetBeansProjects/TestAppResteasy/target/jboss-as-run/jboss-as-7.1.1.Final/standalone/log/boot.log -Dlogging.configuration=file:/home/agalad/NetBeansProjects/TestAppResteasy/target/jboss-as-run/jboss-as-7.1.1.Final/standalone/configuration/logging.properties -Djboss.modules.dir=/home/agalad/NetBeansProjects/TestAppResteasy/target/jboss-as-run/jboss-as-7.1.1.Final/modules -Djboss.bundles.dir=/home/agalad/NetBeansProjects/TestAppResteasy/target/jboss-as-run/jboss-as-7.1.1.Final/bundles 
17:15:33,877 INFO  [org.jboss.as.server] JBAS015888: Creating http management service using socket-binding (management-http)
17:15:33,878 INFO  [org.xnio] XNIO Version 3.0.3.GA
17:15:33,889 INFO  [org.xnio.nio] XNIO NIO Implementation Version 3.0.3.GA
17:15:33,896 INFO  [org.jboss.remoting] JBoss Remoting version 3.2.3.GA
17:15:33,906 INFO  [org.jboss.as.logging] JBAS011502: Removing bootstrap log handlers
17:15:33,909 INFO  [org.jboss.as.configadmin] JBAS016200: Activating ConfigAdmin Subsystem
17:15:40,082 INFO  [org.jboss.as.logging] JBAS011503: Restored bootstrap log handlers
17:15:40,095 INFO  [org.apache.coyote.http11.Http11Protocol] Stopping Coyote HTTP/1.1 on http--127.0.0.1-8080
17:15:40,098 INFO  [com.arjuna.ats.jbossatx] ARJUNA032018: Destroying TransactionManagerService
17:15:40,109 INFO  [com.arjuna.ats.jbossatx] ARJUNA032014: Stopping transaction recovery manager
17:15:40,120 INFO  [org.jboss.as] JBAS015950: JBoss AS 7.1.1.Final "Brontes" stopped in 48ms
