17:15:33,928 INFO  [org.jboss.as.clustering.infinispan] (ServerService Thread Pool -- 31) JBAS010280: Activating Infinispan subsystem.
17:15:33,962 INFO  [org.jboss.as.connector] (MSC service thread 1-1) JBAS010408: Starting JCA Subsystem (JBoss IronJacamar 1.0.9.Final)
17:15:33,978 INFO  [org.jboss.as.connector.subsystems.datasources] (ServerService Thread Pool -- 27) JBAS010403: Deploying JDBC-compliant driver class org.h2.Driver (version 1.3)
17:15:34,003 INFO  [org.jboss.as.naming] (ServerService Thread Pool -- 38) JBAS011800: Activating Naming Subsystem
17:15:34,012 INFO  [org.jboss.as.naming] (MSC service thread 1-5) JBAS011802: Starting Naming Service
17:15:34,019 INFO  [org.jboss.as.osgi] (ServerService Thread Pool -- 39) JBAS011940: Activating OSGi Subsystem
17:15:34,024 INFO  [org.jboss.as.mail.extension] (MSC service thread 1-4) JBAS015400: Bound mail session [java:jboss/mail/Default]
17:15:34,034 INFO  [org.jboss.as.security] (ServerService Thread Pool -- 44) JBAS013101: Activating Security Subsystem
17:15:34,053 INFO  [org.jboss.as.security] (MSC service thread 1-6) JBAS013100: Current PicketBox version=4.0.7.Final
17:15:34,067 INFO  [org.jboss.as.webservices] (ServerService Thread Pool -- 48) JBAS015537: Activating WebServices Extension
17:15:34,232 INFO  [org.apache.coyote.http11.Http11Protocol] (MSC service thread 1-6) Starting Coyote HTTP/1.1 on http--127.0.0.1-8080
17:15:34,257 INFO  [org.jboss.ws.common.management.AbstractServerConfig] (MSC service thread 1-2) JBoss Web Services - Stack CXF Server 4.0.2.GA
17:15:34,561 INFO  [org.jboss.as.connector.subsystems.datasources] (MSC service thread 1-6) JBAS010400: Bound data source [java:jboss/datasources/ExampleDS]
17:15:34,641 INFO  [org.jboss.as.server.deployment.scanner] (MSC service thread 1-2) JBAS015012: Started FileSystemDeploymentService for directory /home/agalad/NetBeansProjects/TestAppResteasy/target/jboss-as-run/jboss-as-7.1.1.Final/standalone/deployments
17:15:34,651 INFO  [org.jboss.as.remoting] (MSC service thread 1-1) JBAS017100: Listening on /127.0.0.1:4447
17:15:34,646 INFO  [org.jboss.as.remoting] (MSC service thread 1-8) JBAS017100: Listening on /127.0.0.1:9999
17:15:34,857 INFO  [org.jboss.as] (Controller Boot Thread) JBAS015951: Admin console listening on http://127.0.0.1:9990
17:15:34,866 INFO  [org.jboss.as] (Controller Boot Thread) JBAS015874: JBoss AS 7.1.1.Final "Brontes" started in 2414ms - Started 133 of 208 services (74 services are passive or on-demand)
17:15:38,326 INFO  [org.jboss.as.repository] (management-handler-thread - 4) JBAS014900: Content added at location /home/agalad/NetBeansProjects/TestAppResteasy/target/jboss-as-run/jboss-as-7.1.1.Final/standalone/data/content/e9/05e3932e03cb31cb82363b74ef4d072c7cd32a/content
17:15:38,354 INFO  [org.jboss.as.server.deployment] (MSC service thread 1-8) JBAS015876: Starting deployment of "TestAppResteasy-1.0-SNAPSHOT.war"
17:15:38,866 WARN  [org.jboss.as.server.deployment] (MSC service thread 1-4) Class Path entry jaxb-api.jar in "/content/TestAppResteasy-1.0-SNAPSHOT.war/WEB-INF/lib/jaxb-impl-2.1.12.jar"  does not point to a valid jar for a Class-Path reference.
17:15:38,876 WARN  [org.jboss.as.server.deployment] (MSC service thread 1-4) Class Path entry activation.jar in "/content/TestAppResteasy-1.0-SNAPSHOT.war/WEB-INF/lib/jaxb-impl-2.1.12.jar"  does not point to a valid jar for a Class-Path reference.
17:15:38,887 WARN  [org.jboss.as.server.deployment] (MSC service thread 1-4) Class Path entry jsr173_1.0_api.jar in "/content/TestAppResteasy-1.0-SNAPSHOT.war/WEB-INF/lib/jaxb-impl-2.1.12.jar"  does not point to a valid jar for a Class-Path reference.
17:15:38,894 WARN  [org.jboss.as.server.deployment] (MSC service thread 1-4) Class Path entry jaxb1-impl.jar in "/content/TestAppResteasy-1.0-SNAPSHOT.war/WEB-INF/lib/jaxb-impl-2.1.12.jar"  does not point to a valid jar for a Class-Path reference.
17:15:39,277 WARN  [org.jboss.jaxrs] (MSC service thread 1-7) JBAS011204: resteasy.scan found and ignored in web.xml. This is not necessary, as Resteasy will use the container integration in the JAX-RS 1.1 specification in section 2.3.2
17:15:39,500 ERROR [org.apache.catalina.core.ContainerBase.[jboss.web].[default-host].[/TestAppResteasy-1.0-SNAPSHOT]] (MSC service thread 1-3) Exception sending context initialized event to listener instance of class org.jboss.resteasy.plugins.server.servlet.ResteasyBootstrap: java.lang.RuntimeException: Unable to find a public constructor for class org.jboss.resteasy.core.AsynchronousDispatcher
	at org.jboss.resteasy.plugins.server.resourcefactory.POJOResourceFactory.registered(POJOResourceFactory.java:35) [resteasy-jaxrs-2.3.2.Final.jar:]
	at org.jboss.resteasy.core.ResourceMethodRegistry.addResourceFactory(ResourceMethodRegistry.java:121) [resteasy-jaxrs-2.3.2.Final.jar:]
	at org.jboss.resteasy.core.ResourceMethodRegistry.addResourceFactory(ResourceMethodRegistry.java:107) [resteasy-jaxrs-2.3.2.Final.jar:]
	at org.jboss.resteasy.core.ResourceMethodRegistry.addResourceFactory(ResourceMethodRegistry.java:84) [resteasy-jaxrs-2.3.2.Final.jar:]
	at org.jboss.resteasy.core.ResourceMethodRegistry.addPerRequestResource(ResourceMethodRegistry.java:73) [resteasy-jaxrs-2.3.2.Final.jar:]
	at org.jboss.resteasy.spi.ResteasyDeployment.registration(ResteasyDeployment.java:367) [resteasy-jaxrs-2.3.2.Final.jar:]
	at org.jboss.resteasy.spi.ResteasyDeployment.start(ResteasyDeployment.java:225) [resteasy-jaxrs-2.3.2.Final.jar:]
	at org.jboss.resteasy.plugins.server.servlet.ResteasyBootstrap.contextInitialized(ResteasyBootstrap.java:28) [resteasy-jaxrs-2.3.2.Final.jar:]
	at org.apache.catalina.core.StandardContext.contextListenerStart(StandardContext.java:3392) [jbossweb-7.0.13.Final.jar:]
	at org.apache.catalina.core.StandardContext.start(StandardContext.java:3850) [jbossweb-7.0.13.Final.jar:]
	at org.jboss.as.web.deployment.WebDeploymentService.start(WebDeploymentService.java:90) [jboss-as-web-7.1.1.Final.jar:7.1.1.Final]
	at org.jboss.msc.service.ServiceControllerImpl$StartTask.startService(ServiceControllerImpl.java:1811)
	at org.jboss.msc.service.ServiceControllerImpl$StartTask.run(ServiceControllerImpl.java:1746)
	at java.util.concurrent.ThreadPoolExecutor.runWorker(ThreadPoolExecutor.java:1145) [rt.jar:1.7.0_21]
	at java.util.concurrent.ThreadPoolExecutor$Worker.run(ThreadPoolExecutor.java:615) [rt.jar:1.7.0_21]
	at java.lang.Thread.run(Thread.java:722) [rt.jar:1.7.0_21]

17:15:39,584 ERROR [org.apache.catalina.core.StandardContext] (MSC service thread 1-3) Error listenerStart
17:15:39,588 ERROR [org.apache.catalina.core.StandardContext] (MSC service thread 1-3) Context [/TestAppResteasy-1.0-SNAPSHOT] startup failed due to previous errors
17:15:39,604 ERROR [org.jboss.msc.service.fail] (MSC service thread 1-3) MSC00001: Failed to start service jboss.web.deployment.default-host."/TestAppResteasy-1.0-SNAPSHOT": org.jboss.msc.service.StartException in service jboss.web.deployment.default-host."/TestAppResteasy-1.0-SNAPSHOT": JBAS018040: Failed to start context
	at org.jboss.as.web.deployment.WebDeploymentService.start(WebDeploymentService.java:95)
	at org.jboss.msc.service.ServiceControllerImpl$StartTask.startService(ServiceControllerImpl.java:1811) [jboss-msc-1.0.2.GA.jar:1.0.2.GA]
	at org.jboss.msc.service.ServiceControllerImpl$StartTask.run(ServiceControllerImpl.java:1746) [jboss-msc-1.0.2.GA.jar:1.0.2.GA]
	at java.util.concurrent.ThreadPoolExecutor.runWorker(ThreadPoolExecutor.java:1145) [rt.jar:1.7.0_21]
	at java.util.concurrent.ThreadPoolExecutor$Worker.run(ThreadPoolExecutor.java:615) [rt.jar:1.7.0_21]
	at java.lang.Thread.run(Thread.java:722) [rt.jar:1.7.0_21]

17:15:39,831 INFO  [org.jboss.as.server] (management-handler-thread - 4) JBAS015870: Deploy of deployment "TestAppResteasy-1.0-SNAPSHOT.war" was rolled back with failure message {"JBAS014671: Failed services" => {"jboss.web.deployment.default-host.\"/TestAppResteasy-1.0-SNAPSHOT\"" => "org.jboss.msc.service.StartException in service jboss.web.deployment.default-host.\"/TestAppResteasy-1.0-SNAPSHOT\": JBAS018040: Failed to start context"}}
17:15:39,890 INFO  [org.jboss.as.server.deployment] (MSC service thread 1-8) JBAS015877: Stopped deployment TestAppResteasy-1.0-SNAPSHOT.war in 58ms
17:15:39,896 INFO  [org.jboss.as.controller] (management-handler-thread - 4) JBAS014774: Service status report
JBAS014777:   Services which failed to start:      service jboss.web.deployment.default-host."/TestAppResteasy-1.0-SNAPSHOT": org.jboss.msc.service.StartException in service jboss.web.deployment.default-host."/TestAppResteasy-1.0-SNAPSHOT": JBAS018040: Failed to start context

17:15:40,058 INFO  [org.apache.catalina.core.StandardContext] (MSC service thread 1-4) Container org.apache.catalina.core.ContainerBase.[jboss.web].[default-host].[/] has not been started
17:15:40,064 INFO  [org.apache.coyote.http11.Http11Protocol] (MSC service thread 1-6) Pausing Coyote HTTP/1.1 on http--127.0.0.1-8080
